Base path: C:/Program Files (x86)/Unity/Editor/Data
Pipe name: \\.\pipe\UnityShaderCompiler-5-16252
Cmd: getPlatforms
Cmd: compileSnippet
  api=14 type=0 insize=3153 outsize=740 kw= ok=1
Cmd: compileSnippet
  api=14 type=1 insize=1251 outsize=1567 kw= ok=1
Cmd: compileSnippet
  api=14 type=1 insize=5459 outsize=1106 kw= ok=1
Cmd: compileSnippet
  api=14 type=1 insize=5470 outsize=1895 kw= ok=1
Cmd: compileSnippet
  api=14 type=1 insize=3836 outsize=1063 kw= ok=1
Cmd: compileSnippet
  api=14 type=1 insize=3844 outsize=1894 kw= ok=1
Cmd: compileSnippet
  api=14 type=0 insize=1354 outsize=1100 kw= ok=1
Cmd: compileSnippet
  api=14 type=0 insize=4366 outsize=1079 kw=DIRECTIONAL SHADOWS_OFF LIGHTMAP_ON DIRLIGHTMAP_ON ok=1
Cmd: compileSnippet
  api=14 type=0 insize=4366 outsize=3994 kw=DIRECTIONAL SHADOWS_SCREEN SHADOWS_NATIVE LIGHTMAP_OFF DIRLIGHTMAP_OFF VERTEXLIGHT_ON ok=1
Cmd: compileSnippet
  api=14 type=0 insize=2380 outsize=1670 kw=DIRECTIONAL_COOKIE ok=1
Cmd: compileSnippet
  api=14 type=1 insize=2380 outsize=1350 kw=DIRECTIONAL_COOKIE ok=1
Cmd: compileSnippet
  api=14 type=0 insize=4093 outsize=2925 kw=LIGHTMAP_OFF DIRLIGHTMAP_OFF HDR_LIGHT_PREPASS_ON ok=1
Cmd: compileSnippet
  api=14 type=1 insize=4093 outsize=1541 kw=LIGHTMAP_OFF DIRLIGHTMAP_OFF HDR_LIGHT_PREPASS_ON ok=1
Unhandled exception: Readfile from pipe failed. GLE=Potok zosta³ zakoñczony.


Quitting shader compiler process
