Base path: C:/Program Files (x86)/Unity/Editor/Data
Pipe name: \\.\pipe\UnityShaderCompiler-8-13544
Cmd: getPlatforms
Cmd: compileSnippet
  api=14 type=0 insize=5459 outsize=1111 kw= ok=1
Cmd: compileSnippet
  api=14 type=0 insize=5463 outsize=952 kw= ok=1
Cmd: compileSnippet
  api=14 type=0 insize=5464 outsize=952 kw= ok=1
Cmd: compileSnippet
  api=14 type=0 insize=5468 outsize=1434 kw= ok=1
Cmd: compileSnippet
  api=14 type=0 insize=2936 outsize=1656 kw= ok=1
Cmd: compileSnippet
  api=14 type=0 insize=3836 outsize=1012 kw= ok=1
Cmd: compileSnippet
  api=14 type=0 insize=3844 outsize=988 kw= ok=1
Cmd: compileSnippet
  api=14 type=1 insize=4366 outsize=1170 kw=DIRECTIONAL SHADOWS_OFF LIGHTMAP_OFF DIRLIGHTMAP_OFF ok=1
Cmd: compileSnippet
  api=14 type=0 insize=2380 outsize=1522 kw=DIRECTIONAL ok=1
Cmd: compileSnippet
  api=14 type=0 insize=4093 outsize=1895 kw=LIGHTMAP_ON DIRLIGHTMAP_OFF HDR_LIGHT_PREPASS_ON ok=1
Cmd: compileSnippet
  api=14 type=1 insize=4093 outsize=2378 kw=LIGHTMAP_ON DIRLIGHTMAP_OFF HDR_LIGHT_PREPASS_OFF ok=1
Unhandled exception: Readfile from pipe failed. GLE=Potok zosta³ zakoñczony.


Quitting shader compiler process
