Base path: C:/Program Files (x86)/Unity/Editor/Data
Pipe name: \\.\pipe\UnityShaderCompiler-4-8900
Cmd: getPlatforms
Cmd: compileSnippet
  api=8 type=1 insize=1191 outsize=2292 kw= ok=1
Cmd: compileSnippet
  api=1 type=1 insize=3154 outsize=381 kw= ok=1
Cmd: compileSnippet
  api=8 type=1 insize=3153 outsize=1812 kw= ok=1
Cmd: compileSnippet
  api=1 type=0 insize=3198 outsize=132 kw= ok=1
Cmd: compileSnippet
  api=8 type=0 insize=1251 outsize=1958 kw= ok=1
Cmd: compileSnippet
  api=0 type=0 insize=5451 outsize=328 kw= ok=1
Cmd: compileSnippet
  api=8 type=1 insize=5451 outsize=1235 kw= ok=1
Cmd: compileSnippet
  api=8 type=1 insize=5463 outsize=2755 kw= ok=1
Cmd: compileSnippet
  api=0 type=1 insize=2925 outsize=505 kw= ok=1
Cmd: compileSnippet
  api=8 type=0 insize=2936 outsize=3063 kw= ok=1
Cmd: compileSnippet
  api=8 type=0 insize=3836 outsize=1958 kw= ok=1
Cmd: compileSnippet
  api=1 type=0 insize=3842 outsize=335 kw= ok=1
Cmd: compileSnippet
  api=1 type=0 insize=3844 outsize=335 kw= ok=1
Cmd: compileSnippet
  api=0 type=1 insize=3834 outsize=270 kw= ok=1
Cmd: compileSnippet
  api=0 type=1 insize=1354 outsize=787 kw= ok=1
Cmd: compileSnippet
  api=1 type=0 insize=4366 outsize=621 kw=DIRECTIONAL SHADOWS_OFF LIGHTMAP_OFF DIRLIGHTMAP_OFF ok=1
Cmd: compileSnippet
  api=1 type=0 insize=4366 outsize=745 kw=DIRECTIONAL SHADOWS_SCREEN LIGHTMAP_OFF DIRLIGHTMAP_OFF ok=1
Cmd: compileSnippet
  api=1 type=0 insize=4366 outsize=345 kw=DIRECTIONAL SHADOWS_SCREEN LIGHTMAP_ON DIRLIGHTMAP_ON ok=1
Cmd: compileSnippet
  api=4 type=0 insize=4366 outsize=4475 kw=DIRECTIONAL SHADOWS_OFF LIGHTMAP_OFF DIRLIGHTMAP_OFF VERTEXLIGHT_ON ok=1
Cmd: compileSnippet
  api=8 type=1 insize=4366 outsize=2048 kw=DIRECTIONAL SHADOWS_OFF LIGHTMAP_OFF DIRLIGHTMAP_OFF ok=1
Cmd: compileSnippet
  api=0 type=1 insize=4366 outsize=492 kw=DIRECTIONAL SHADOWS_SCREEN LIGHTMAP_OFF DIRLIGHTMAP_OFF ok=1
Cmd: compileSnippet
  api=0 type=1 insize=4366 outsize=505 kw=DIRECTIONAL SHADOWS_SCREEN LIGHTMAP_ON DIRLIGHTMAP_ON ok=1
Cmd: compileSnippet
  api=1 type=0 insize=2380 outsize=409 kw=POINT ok=1
Cmd: compileSnippet
  api=8 type=0 insize=2380 outsize=4298 kw=SPOT ok=1
Cmd: compileSnippet
  api=0 type=1 insize=2380 outsize=395 kw=DIRECTIONAL ok=1
Cmd: compileSnippet
  api=8 type=1 insize=2380 outsize=3185 kw=SPOT ok=1
Cmd: compileSnippet
  api=4 type=0 insize=4093 outsize=3029 kw=LIGHTMAP_ON DIRLIGHTMAP_OFF HDR_LIGHT_PREPASS_OFF ok=1
Cmd: compileSnippet
  api=1 type=0 insize=4093 outsize=339 kw=LIGHTMAP_ON DIRLIGHTMAP_ON HDR_LIGHT_PREPASS_OFF ok=1
Cmd: compileSnippet
  api=4 type=0 insize=4093 outsize=3029 kw=LIGHTMAP_ON DIRLIGHTMAP_OFF HDR_LIGHT_PREPASS_ON ok=1
Cmd: compileSnippet
  api=0 type=1 insize=4093 outsize=440 kw=LIGHTMAP_ON DIRLIGHTMAP_ON HDR_LIGHT_PREPASS_OFF ok=1
Cmd: compileSnippet
  api=8 type=1 insize=4093 outsize=1845 kw=LIGHTMAP_OFF DIRLIGHTMAP_OFF HDR_LIGHT_PREPASS_ON ok=1
