Base path: C:/Program Files (x86)/Unity/Editor/Data
Pipe name: \\.\pipe\UnityShaderCompiler-1-9524
Cmd: getPlatforms
Cmd: compileSnippet
  api=14 type=0 insize=3154 outsize=740 kw= ok=1
Cmd: compileSnippet
  api=14 type=0 insize=3198 outsize=740 kw= ok=1
Cmd: compileSnippet
  api=14 type=1 insize=5463 outsize=2387 kw= ok=1
Cmd: compileSnippet
  api=14 type=1 insize=5468 outsize=1895 kw= ok=1
Cmd: compileSnippet
  api=14 type=0 insize=2925 outsize=1656 kw= ok=1
Cmd: compileSnippet
  api=14 type=0 insize=2936 outsize=1656 kw= ok=1
Cmd: compileSnippet
  api=14 type=0 insize=3836 outsize=1012 kw= ok=1
Cmd: compileSnippet
  api=14 type=0 insize=3844 outsize=988 kw= ok=1
Cmd: compileSnippet
  api=14 type=0 insize=3844 outsize=1012 kw= ok=1
Cmd: compileSnippet
  api=14 type=1 insize=3834 outsize=1013 kw= ok=1
Cmd: compileSnippet
  api=14 type=1 insize=1354 outsize=1497 kw= ok=1
Cmd: compileSnippet
  api=14 type=1 insize=624 outsize=439 kw= ok=1
